<?xml version="1.0" encoding="UTF-8"?>
<!-- Generated by org.testng.reporters.JUnitReportReporter -->
<testsuite skipped="0" hostname="LAPTOP-BN8E26I5" name="com.sample.maven.hello" tests="1" failures="0" timestamp="05 Feb 2020 22:16:38 GMT" time="11.244" errors="0">
  <testcase name="login" time="11.244" classname="com.sample.maven.hello"/>
</testsuite> <!-- com.sample.maven.hello -->
