<?xml version="1.0" encoding="UTF-8"?>
<!-- Generated by org.testng.reporters.JUnitReportReporter -->
<testsuite skipped="0" hostname="LAPTOP-BN8E26I5" name="getrequest.GetData" tests="2" failures="0" timestamp="23 Jan 2020 01:17:55 GMT" time="5.810" errors="0">
  <testcase name="responsecode" time="1.784" classname="getrequest.GetData"/>
  <testcase name="responsebody" time="4.026" classname="getrequest.GetData"/>
</testsuite> <!-- getrequest.GetData -->
