<?xml version="1.0" encoding="UTF-8"?>
<!-- Generated by org.testng.reporters.JUnitReportReporter -->
<testsuite skipped="0" hostname="LAPTOP-BN8E26I5" name="getrequest.Post_delete" tests="1" failures="0" timestamp="23 Jan 2020 02:25:32 GMT" time="2.780" errors="0">
  <testcase name="test1" time="2.780" classname="getrequest.Post_delete"/>
</testsuite> <!-- getrequest.Post_delete -->
