<?xml version="1.0" encoding="UTF-8"?>
<!-- Generated by org.testng.reporters.JUnitReportReporter -->
<testsuite skipped="0" hostname="LAPTOP-BN8E26I5" name="com.practicetest.sampletestng" tests="1" failures="0" timestamp="15 Nov 2019 00:06:24 GMT" time="7.548" errors="0">
  <testcase name="launch" time="7.548" classname="com.practicetest.sampletestng"/>
</testsuite> <!-- com.practicetest.sampletestng -->
