<?xml version="1.0" encoding="UTF-8"?>
<!-- Generated by org.testng.reporters.JUnitReportReporter -->
<testsuite skipped="0" hostname="LAPTOP-BN8E26I5" name="com.goosamp.goosamp" tests="1" failures="0" timestamp="21 Jan 2021 04:47:23 GMT" time="14.124" errors="0">
  <testcase name="method" time="14.124" classname="com.goosamp.goosamp"/>
</testsuite> <!-- com.goosamp.goosamp -->
